<?xml version="1.0" encoding="UTF-8"?>
<!-- Generated by org.testng.reporters.JUnitReportReporter -->
<testsuite hostname="JaishanDell" name="com.project.testcases.CreateNewAccount" tests="1" failures="0" timestamp="3 Jan 2021 22:34:02 GMT" time="17.917" errors="0">
  <testcase name="accountSetup" time="17.917" classname="com.project.testcases.CreateNewAccount"/>
</testsuite> <!-- com.project.testcases.CreateNewAccount -->
