<?xml version="1.0" encoding="UTF-8"?>
<!-- Generated by org.testng.reporters.JUnitReportReporter -->
<testsuite hostname="JaishanDell" name="com.project.testcases.TestCountryField" tests="1" failures="0" timestamp="3 Jan 2021 22:34:02 GMT" time="13.892" errors="0">
  <testcase name="checkCountry" time="13.892" classname="com.project.testcases.TestCountryField"/>
</testsuite> <!-- com.project.testcases.TestCountryField -->
