<?xml version="1.0" encoding="UTF-8"?>
<!-- Generated by org.testng.reporters.JUnitReportReporter -->
<testsuite hostname="JaishanDell" name="com.project.testcases.TestSearch" tests="6" failures="0" timestamp="31 Dec 2020 02:08:56 GMT" time="100.878" errors="0">
  <testcase name="enterReview" time="16.260" classname="com.project.testcases.TestSearch"/>
  <testcase name="searchManufacturer" time="12.632" classname="com.project.testcases.TestSearch"/>
  <testcase name="enterGPlus" time="16.721" classname="com.project.testcases.TestSearch"/>
  <testcase name="searchProduct" time="15.255" classname="com.project.testcases.TestSearch"/>
  <testcase name="enterPinterest" time="17.631" classname="com.project.testcases.TestSearch"/>
  <testcase name="enterFaceBook" time="22.379" classname="com.project.testcases.TestSearch"/>
</testsuite> <!-- com.project.testcases.TestSearch -->
