<?xml version="1.0" encoding="UTF-8"?>
<!-- Generated by org.testng.reporters.JUnitReportReporter -->
<testsuite hostname="JaishanDell" name="com.project.testcases.TestCountryField" tests="1" failures="0" timestamp="31 Dec 2020 02:08:56 GMT" time="13.412" errors="0">
  <testcase name="checkCountry" time="13.412" classname="com.project.testcases.TestCountryField"/>
</testsuite> <!-- com.project.testcases.TestCountryField -->
