<?xml version="1.0" encoding="UTF-8"?>
<!-- Generated by org.testng.reporters.JUnitReportReporter -->
<testsuite hostname="JaishanDell" name="com.project.testcases.TestLogin" tests="2" failures="0" timestamp="31 Dec 2020 02:08:56 GMT" time="22.913" errors="0">
  <testcase name="testInValidLogin" time="10.852" classname="com.project.testcases.TestLogin"/>
  <testcase name="testValidLogin" time="12.061" classname="com.project.testcases.TestLogin"/>
</testsuite> <!-- com.project.testcases.TestLogin -->
