<?xml version="1.0" encoding="UTF-8"?>
<!-- Generated by org.testng.reporters.JUnitReportReporter -->
<testsuite hostname="JaishanDell" name="com.project.testcases.CreateNewAccount" tests="1" failures="0" timestamp="31 Dec 2020 02:08:56 GMT" time="20.456" errors="0">
  <testcase name="accountSetup" time="20.456" classname="com.project.testcases.CreateNewAccount"/>
</testsuite> <!-- com.project.testcases.CreateNewAccount -->
