<?xml version="1.0" encoding="UTF-8"?>
<!-- Generated by org.testng.reporters.JUnitReportReporter -->
<testsuite hostname="JaishanDell" name="com.project.testcases.SearchTest" tests="1" failures="0" timestamp="21 Dec 2020 21:47:06 GMT" time="34.323" errors="0">
  <testcase name="testSearch" time="34.323" classname="com.project.testcases.SearchTest"/>
</testsuite> <!-- com.project.testcases.SearchTest -->
