<?xml version="1.0" encoding="UTF-8"?>
<!-- Generated by org.testng.reporters.JUnitReportReporter -->
<testsuite hostname="JaishanDell" name="com.project.testcases.EnrollCourse" tests="1" failures="0" timestamp="21 Dec 2020 06:49:05 GMT" time="67.471" errors="0">
  <testcase name="RegisterCourse" time="67.471" classname="com.project.testcases.EnrollCourse"/>
</testsuite> <!-- com.project.testcases.EnrollCourse -->
