<?xml version="1.0" encoding="UTF-8"?>
<!-- Generated by org.testng.reporters.JUnitReportReporter -->
<testsuite hostname="JaishanDell" name="com.project.testcases.PurchaseProducts" tests="1" failures="0" timestamp="31 Dec 2020 02:08:56 GMT" time="30.467" errors="0">
  <testcase name="createOrder" time="30.467" classname="com.project.testcases.PurchaseProducts"/>
</testsuite> <!-- com.project.testcases.PurchaseProducts -->
